<?xml version="1.0" encoding="UTF-8"?>
<testng-results ignored="0" total="1" passed="0" failed="0" skipped="1">
  <reporter-output>
    <line>
      <![CDATA[reading value from Property file https://demo.nopcommerce.com/]]>
    </line>
    <line>
      <![CDATA[waiting for 1000 millis]]>
    </line>
    <line>
      <![CDATA[launching nopcommerce]]>
    </line>
    <line>
      <![CDATA[waiting for 500 millis]]>
    </line>
    <line>
      <![CDATA[clicking on register button]]>
    </line>
    <line>
      <![CDATA[clicking on male radio button]]>
    </line>
    <line>
      <![CDATA[reading value from Property file rushi]]>
    </line>
    <line>
      <![CDATA[sending firstname value]]>
    </line>
    <line>
      <![CDATA[TC validateRegistrationModule is skipped]]>
    </line>
  </reporter-output>
  <suite started-at="2022-12-06T14:17:01 IST" name="Default suite" finished-at="2022-12-06T14:17:13 IST" duration-ms="11271">
    <groups>
    </groups>
    <test started-at="2022-12-06T14:17:01 IST" name="Default test" finished-at="2022-12-06T14:17:13 IST" duration-ms="11271">
      <class name="nopcommerceTest.ValidateRegistration">
        <test-method is-config="true" signature="launchingBrowser()[pri:0, instance:nopcommerceTest.ValidateRegistration@21282ed8]" started-at="2022-12-06T14:17:01 IST" name="launchingBrowser" finished-at="2022-12-06T14:17:10 IST" duration-ms="9070" status="PASS">
          <reporter-output>
            <line>
              <![CDATA[reading value from Property file https://demo.nopcommerce.com/]]>
            </line>
            <line>
              <![CDATA[waiting for 1000 millis]]>
            </line>
            <line>
              <![CDATA[launching nopcommerce]]>
            </line>
          </reporter-output>
        </test-method> <!-- launchingBrowser -->
        <test-method is-config="true" signature="clickingOnRegistration()[pri:0, instance:nopcommerceTest.ValidateRegistration@21282ed8]" started-at="2022-12-06T14:17:10 IST" name="clickingOnRegistration" finished-at="2022-12-06T14:17:12 IST" duration-ms="2096" status="FAIL">
          <exception class="java.io.IOException">
            <message>
              <![CDATA[Your InputStream was neither an OLE2 stream, nor an OOXML stream or you haven't provide the poi-ooxml*.jar in the classpath/modulepath - FileMagic: OOXML, having providers: [org.apache.poi.hssf.usermodel.HSSFWorkbookFactory@47ad69f7]]]>
            </message>
            <full-stacktrace>
              <![CDATA[java.io.IOException: Your InputStream was neither an OLE2 stream, nor an OOXML stream or you haven't provide the poi-ooxml*.jar in the classpath/modulepath - FileMagic: OOXML, having providers: [org.apache.poi.hssf.usermodel.HSSFWorkbookFactory@47ad69f7]
at org.apache.poi.ss.usermodel.WorkbookFactory.wp(WorkbookFactory.java:334)
at org.apache.poi.ss.usermodel.WorkbookFactory.create(WorkbookFactory.java:311)
at org.apache.poi.ss.usermodel.WorkbookFactory.create(WorkbookFactory.java:277)
at org.apache.poi.ss.usermodel.WorkbookFactory.create(WorkbookFactory.java:255)
at nopcommerceUtility.Utility.readExcelData(Utility.java:40)
at nopcommerceTest.ValidateRegistration.clickingOnRegistration(ValidateRegistration.java:41)
at java.base/jdk.internal.reflect.NativeMethodAccessorImpl.invoke0(Native Method)
at java.base/jdk.internal.reflect.NativeMethodAccessorImpl.invoke(NativeMethodAccessorImpl.java:62)
at java.base/jdk.internal.reflect.DelegatingMethodAccessorImpl.invoke(DelegatingMethodAccessorImpl.java:43)
at java.base/java.lang.reflect.Method.invoke(Method.java:566)
at org.testng.internal.MethodInvocationHelper.invokeMethod(MethodInvocationHelper.java:133)
at org.testng.internal.MethodInvocationHelper.invokeMethodConsideringTimeout(MethodInvocationHelper.java:62)
at org.testng.internal.ConfigInvoker.invokeConfigurationMethod(ConfigInvoker.java:385)
at org.testng.internal.ConfigInvoker.invokeConfigurations(ConfigInvoker.java:321)
at org.testng.internal.TestInvoker.runConfigMethods(TestInvoker.java:700)
at org.testng.internal.TestInvoker.invokeMethod(TestInvoker.java:527)
at org.testng.internal.TestInvoker.invokeTestMethod(TestInvoker.java:173)
at org.testng.internal.MethodRunner.runInSequence(MethodRunner.java:46)
at org.testng.internal.TestInvoker$MethodInvocationAgent.invoke(TestInvoker.java:824)
at org.testng.internal.TestInvoker.invokeTestMethods(TestInvoker.java:146)
at org.testng.internal.TestMethodWorker.invokeTestMethods(TestMethodWorker.java:146)
at org.testng.internal.TestMethodWorker.run(TestMethodWorker.java:128)
at java.base/java.util.ArrayList.forEach(ArrayList.java:1541)
at org.testng.TestRunner.privateRun(TestRunner.java:794)
at org.testng.TestRunner.run(TestRunner.java:596)
at org.testng.SuiteRunner.runTest(SuiteRunner.java:377)
at org.testng.SuiteRunner.runSequentially(SuiteRunner.java:371)
at org.testng.SuiteRunner.privateRun(SuiteRunner.java:332)
at org.testng.SuiteRunner.run(SuiteRunner.java:276)
at org.testng.SuiteRunnerWorker.runSuite(SuiteRunnerWorker.java:53)
at org.testng.SuiteRunnerWorker.run(SuiteRunnerWorker.java:96)
at org.testng.TestNG.runSuitesSequentially(TestNG.java:1212)
at org.testng.TestNG.runSuitesLocally(TestNG.java:1134)
at org.testng.TestNG.runSuites(TestNG.java:1063)
at org.testng.TestNG.run(TestNG.java:1031)
at org.testng.remote.AbstractRemoteTestNG.run(AbstractRemoteTestNG.java:115)
at org.testng.remote.RemoteTestNG.initAndRun(RemoteTestNG.java:251)
at org.testng.remote.RemoteTestNG.main(RemoteTestNG.java:77)
]]>
            </full-stacktrace>
          </exception> <!-- java.io.IOException -->
          <reporter-output>
            <line>
              <![CDATA[waiting for 500 millis]]>
            </line>
            <line>
              <![CDATA[clicking on register button]]>
            </line>
            <line>
              <![CDATA[clicking on male radio button]]>
            </line>
            <line>
              <![CDATA[reading value from Property file rushi]]>
            </line>
            <line>
              <![CDATA[sending firstname value]]>
            </line>
          </reporter-output>
        </test-method> <!-- clickingOnRegistration -->
        <test-method signature="validateRegistrationModule()[pri:0, instance:nopcommerceTest.ValidateRegistration@21282ed8]" started-at="2022-12-06T14:17:13 IST" name="validateRegistrationModule" finished-at="2022-12-06T14:17:13 IST" duration-ms="0" status="SKIP">
          <exception class="java.io.IOException">
            <message>
              <![CDATA[Your InputStream was neither an OLE2 stream, nor an OOXML stream or you haven't provide the poi-ooxml*.jar in the classpath/modulepath - FileMagic: OOXML, having providers: [org.apache.poi.hssf.usermodel.HSSFWorkbookFactory@47ad69f7]]]>
            </message>
            <full-stacktrace>
              <![CDATA[java.io.IOException: Your InputStream was neither an OLE2 stream, nor an OOXML stream or you haven't provide the poi-ooxml*.jar in the classpath/modulepath - FileMagic: OOXML, having providers: [org.apache.poi.hssf.usermodel.HSSFWorkbookFactory@47ad69f7]
at org.apache.poi.ss.usermodel.WorkbookFactory.wp(WorkbookFactory.java:334)
at org.apache.poi.ss.usermodel.WorkbookFactory.create(WorkbookFactory.java:311)
at org.apache.poi.ss.usermodel.WorkbookFactory.create(WorkbookFactory.java:277)
at org.apache.poi.ss.usermodel.WorkbookFactory.create(WorkbookFactory.java:255)
at nopcommerceUtility.Utility.readExcelData(Utility.java:40)
at nopcommerceTest.ValidateRegistration.clickingOnRegistration(ValidateRegistration.java:41)
at java.base/jdk.internal.reflect.NativeMethodAccessorImpl.invoke0(Native Method)
at java.base/jdk.internal.reflect.NativeMethodAccessorImpl.invoke(NativeMethodAccessorImpl.java:62)
at java.base/jdk.internal.reflect.DelegatingMethodAccessorImpl.invoke(DelegatingMethodAccessorImpl.java:43)
at java.base/java.lang.reflect.Method.invoke(Method.java:566)
at org.testng.internal.MethodInvocationHelper.invokeMethod(MethodInvocationHelper.java:133)
at org.testng.internal.MethodInvocationHelper.invokeMethodConsideringTimeout(MethodInvocationHelper.java:62)
at org.testng.internal.ConfigInvoker.invokeConfigurationMethod(ConfigInvoker.java:385)
at org.testng.internal.ConfigInvoker.invokeConfigurations(ConfigInvoker.java:321)
at org.testng.internal.TestInvoker.runConfigMethods(TestInvoker.java:700)
at org.testng.internal.TestInvoker.invokeMethod(TestInvoker.java:527)
at org.testng.internal.TestInvoker.invokeTestMethod(TestInvoker.java:173)
at org.testng.internal.MethodRunner.runInSequence(MethodRunner.java:46)
at org.testng.internal.TestInvoker$MethodInvocationAgent.invoke(TestInvoker.java:824)
at org.testng.internal.TestInvoker.invokeTestMethods(TestInvoker.java:146)
at org.testng.internal.TestMethodWorker.invokeTestMethods(TestMethodWorker.java:146)
at org.testng.internal.TestMethodWorker.run(TestMethodWorker.java:128)
at java.base/java.util.ArrayList.forEach(ArrayList.java:1541)
at org.testng.TestRunner.privateRun(TestRunner.java:794)
at org.testng.TestRunner.run(TestRunner.java:596)
at org.testng.SuiteRunner.runTest(SuiteRunner.java:377)
at org.testng.SuiteRunner.runSequentially(SuiteRunner.java:371)
at org.testng.SuiteRunner.privateRun(SuiteRunner.java:332)
at org.testng.SuiteRunner.run(SuiteRunner.java:276)
at org.testng.SuiteRunnerWorker.runSuite(SuiteRunnerWorker.java:53)
at org.testng.SuiteRunnerWorker.run(SuiteRunnerWorker.java:96)
at org.testng.TestNG.runSuitesSequentially(TestNG.java:1212)
at org.testng.TestNG.runSuitesLocally(TestNG.java:1134)
at org.testng.TestNG.runSuites(TestNG.java:1063)
at org.testng.TestNG.run(TestNG.java:1031)
at org.testng.remote.AbstractRemoteTestNG.run(AbstractRemoteTestNG.java:115)
at org.testng.remote.RemoteTestNG.initAndRun(RemoteTestNG.java:251)
at org.testng.remote.RemoteTestNG.main(RemoteTestNG.java:77)
]]>
            </full-stacktrace>
          </exception> <!-- java.io.IOException -->
          <reporter-output>
            <line>
              <![CDATA[TC validateRegistrationModule is skipped]]>
            </line>
          </reporter-output>
        </test-method> <!-- validateRegistrationModule -->
        <test-method is-config="true" signature="logOutFromNopcommerce()[pri:0, instance:nopcommerceTest.ValidateRegistration@21282ed8]" started-at="2022-12-06T14:17:13 IST" name="logOutFromNopcommerce" finished-at="1970-01-01T05:30:00 IST" duration-ms="-1670316433010" status="SKIP">
          <reporter-output>
          </reporter-output>
        </test-method> <!-- logOutFromNopcommerce -->
        <test-method is-config="true" signature="close()[pri:0, instance:nopcommerceTest.ValidateRegistration@21282ed8]" started-at="2022-12-06T14:17:13 IST" name="close" finished-at="1970-01-01T05:30:00 IST" duration-ms="-1670316433014" status="SKIP">
          <reporter-output>
          </reporter-output>
        </test-method> <!-- close -->
      </class> <!-- nopcommerceTest.ValidateRegistration -->
    </test> <!-- Default test -->
  </suite> <!-- Default suite -->
</testng-results>
